Change Component Designator: Old Designator=C? New Designator=C1
Change Component Designator: Old Designator=C? New Designator=C2
Change Component Designator: Old Designator=C? New Designator=C3
Change Component Designator: Old Designator=C? New Designator=C4
Change Component Designator: Old Designator=C? New Designator=C5
Change Component Designator: Old Designator=C? New Designator=C6
Change Component Designator: Old Designator=C? New Designator=C7
Change Component Designator: Old Designator=F? New Designator=F1
Change Component Designator: Old Designator=F? New Designator=F2
Change Component Designator: Old Designator=F? New Designator=F3
Change Component Designator: Old Designator=F? New Designator=F4
Change Component Designator: Old Designator=F? New Designator=F5
Change Component Designator: Old Designator=F? New Designator=F6
Change Component Designator: Old Designator=F? New Designator=F7
Change Component Designator: Old Designator=F? New Designator=F8
Change Component Designator: Old Designator=IN? New Designator=IN1
Change Component Designator: Old Designator=IN? New Designator=IN2
Change Component Designator: Old Designator=IN? New Designator=IN3
Change Component Designator: Old Designator=IN? New Designator=IN4
Change Component Designator: Old Designator=IN? New Designator=IN5
Change Component Designator: Old Designator=IN? New Designator=IN6
Change Component Designator: Old Designator=IN? New Designator=IN7
Change Component Designator: Old Designator=IN? New Designator=IN8
Change Component Designator: Old Designator=Input? New Designator=Input1
Change Component Designator: Old Designator=Input? New Designator=Input2
Change Component Designator: Old Designator=R? New Designator=R1
Change Component Designator: Old Designator=R? New Designator=R2
Change Component Designator: Old Designator=R? New Designator=R3
Change Component Designator: Old Designator=R? New Designator=R4
Change Component Designator: Old Designator=R? New Designator=R5
Change Component Designator: Old Designator=R? New Designator=R6
Change Component Designator: Old Designator=R? New Designator=R7
Change Component Designator: Old Designator=R? New Designator=R8
Change Component Designator: Old Designator=R? New Designator=R9
Change Component Designator: Old Designator=R? New Designator=R10
Change Component Designator: Old Designator=R? New Designator=R11
Change Component Designator: Old Designator=R? New Designator=R12
Change Component Designator: Old Designator=R? New Designator=R13
Change Component Designator: Old Designator=R? New Designator=R14
Change Component Designator: Old Designator=R? New Designator=R15
Change Component Designator: Old Designator=R? New Designator=R16
Change Component Designator: Old Designator=R? New Designator=R17
Change Component Designator: Old Designator=R? New Designator=R18
