Added Component: Designator=+?(PIN1)
Add component. Clean all parameters for all variants
Add component (AddParameter): Name = "LatestRevisionDate"; Value = "17-Jul-2002"; VariantName = "[No Variations]"
Add component (AddParameter): Name = "LatestRevisionNote"; Value = "Re-released for DXP Platform."; VariantName = "[No Variations]"
Add component (AddParameter): Name = "Publisher"; Value = "Altium Limited"; VariantName = "[No Variations]"
Added Component: Designator=-?(PIN1)
Add component. Clean all parameters for all variants
Add component (AddParameter): Name = "LatestRevisionDate"; Value = "17-Jul-2002"; VariantName = "[No Variations]"
Add component (AddParameter): Name = "LatestRevisionNote"; Value = "Re-released for DXP Platform."; VariantName = "[No Variations]"
Add component (AddParameter): Name = "Publisher"; Value = "Altium Limited"; VariantName = "[No Variations]"
Added Component: Designator=Atmega?(Arduino Nano)
Add component. Clean all parameters for all variants
Added Component: Designator=C?(1" ceramic Radial Cap)
Add component. Clean all parameters for all variants
Added Component: Designator=C?(1" ceramic Radial Cap)
Add component. Clean all parameters for all variants
Added Component: Designator=C?(1" ceramic Radial Cap)
Add component. Clean all parameters for all variants
Added Component: Designator=C?(1" ceramic Radial Cap)
Add component. Clean all parameters for all variants
Added Component: Designator=C?(1" ceramic Radial Cap)
Add component. Clean all parameters for all variants
Added Component: Designator=C?(1" ceramic Radial Cap)
Add component. Clean all parameters for all variants
Added Component: Designator=C?(1" ceramic Radial Cap)
Add component. Clean all parameters for all variants
Added Component: Designator=DMX?(HDR1X3)
Add component. Clean all parameters for all variants
Add component (AddParameter): Name = "LatestRevisionDate"; Value = "17-Jul-2002"; VariantName = "[No Variations]"
Add component (AddParameter): Name = "LatestRevisionNote"; Value = "Re-released for DXP Platform."; VariantName = "[No Variations]"
Add component (AddParameter): Name = "Publisher"; Value = "Altium Limited"; VariantName = "[No Variations]"
Added Component: Designator=F?(0ZCG PTC 1812)
Add component. Clean all parameters for all variants
Added Component: Designator=F?(0ZCG PTC 1812)
Add component. Clean all parameters for all variants
Added Component: Designator=F?(0ZCG PTC 1812)
Add component. Clean all parameters for all variants
Added Component: Designator=F?(0ZCG PTC 1812)
Add component. Clean all parameters for all variants
Added Component: Designator=F?(0ZCG PTC 1812)
Add component. Clean all parameters for all variants
Added Component: Designator=F?(0ZCG PTC 1812)
Add component. Clean all parameters for all variants
Added Component: Designator=F?(0ZCG PTC 1812)
Add component. Clean all parameters for all variants
Added Component: Designator=F?(0ZCG PTC 1812)
Add component. Clean all parameters for all variants
Added Component: Designator=G?(PIN1)
Add component. Clean all parameters for all variants
Add component (AddParameter): Name = "LatestRevisionDate"; Value = "17-Jul-2002"; VariantName = "[No Variations]"
Add component (AddParameter): Name = "LatestRevisionNote"; Value = "Re-released for DXP Platform."; VariantName = "[No Variations]"
Add component (AddParameter): Name = "Publisher"; Value = "Altium Limited"; VariantName = "[No Variations]"
Added Component: Designator=IN?(INA219-D-SOIC)
Add component. Clean all parameters for all variants
Added Component: Designator=IN?(INA219-D-SOIC)
Add component. Clean all parameters for all variants
Added Component: Designator=IN?(INA219-D-SOIC)
Add component. Clean all parameters for all variants
Added Component: Designator=IN?(INA219-D-SOIC)
Add component. Clean all parameters for all variants
Added Component: Designator=IN?(INA219-D-SOIC)
Add component. Clean all parameters for all variants
Added Component: Designator=IN?(INA219-D-SOIC)
Add component. Clean all parameters for all variants
Added Component: Designator=IN?(INA219-D-SOIC)
Add component. Clean all parameters for all variants
Added Component: Designator=IN?(INA219-D-SOIC)
Add component. Clean all parameters for all variants
Added Component: Designator=Input1-4(HDR1X8)
Add component. Clean all parameters for all variants
Add component (AddParameter): Name = "LatestRevisionDate"; Value = "17-Jul-2002"; VariantName = "[No Variations]"
Add component (AddParameter): Name = "LatestRevisionNote"; Value = "Re-released for DXP Platform."; VariantName = "[No Variations]"
Add component (AddParameter): Name = "Publisher"; Value = "Altium Limited"; VariantName = "[No Variations]"
Added Component: Designator=Input5-8(HDR1X8)
Add component. Clean all parameters for all variants
Add component (AddParameter): Name = "LatestRevisionDate"; Value = "17-Jul-2002"; VariantName = "[No Variations]"
Add component (AddParameter): Name = "LatestRevisionNote"; Value = "Re-released for DXP Platform."; VariantName = "[No Variations]"
Add component (AddParameter): Name = "Publisher"; Value = "Altium Limited"; VariantName = "[No Variations]"
Added Component: Designator=R?(Axial 0.3" 1/4W)
Add component. Clean all parameters for all variants
Added Component: Designator=R?(Axial 0.3" 1/4W)
Add component. Clean all parameters for all variants
Added Component: Designator=R?(Axial 0.3" 1/4W)
Add component. Clean all parameters for all variants
Added Component: Designator=R?(Axial 0.3" 1/4W)
Add component. Clean all parameters for all variants
Added Component: Designator=R?(Axial 0.3" 1/4W)
Add component. Clean all parameters for all variants
Added Component: Designator=R?(Axial 0.3" 1/4W)
Add component. Clean all parameters for all variants
Added Component: Designator=R?(1206 SMD 1/4W)
Add component. Clean all parameters for all variants
Added Component: Designator=R?(1206 SMD 1/4W)
Add component. Clean all parameters for all variants
Added Component: Designator=R?(1206 SMD 1/4W)
Add component. Clean all parameters for all variants
Added Component: Designator=R?(1206 SMD 1/4W)
Add component. Clean all parameters for all variants
Added Component: Designator=R?(Axial 0.85 5W)
Add component. Clean all parameters for all variants
Added Component: Designator=R?(Axial 0.85 5W)
Add component. Clean all parameters for all variants
Added Component: Designator=R?(Axial 0.85 5W)
Add component. Clean all parameters for all variants
Added Component: Designator=R?(Axial 0.85 5W)
Add component. Clean all parameters for all variants
Added Component: Designator=R?(1206 SMD 1/4W)
Add component. Clean all parameters for all variants
Added Component: Designator=R?(1206 SMD 1/4W)
Add component. Clean all parameters for all variants
Added Component: Designator=R?(1206 SMD 1/4W)
Add component. Clean all parameters for all variants
Added Component: Designator=R?(1206 SMD 1/4W)
Add component. Clean all parameters for all variants
Added Component: Designator=R?(Axial 0.85 5W)
Add component. Clean all parameters for all variants
Added Component: Designator=R?(Axial 0.85 5W)
Add component. Clean all parameters for all variants
Added Component: Designator=R?(Axial 0.85 5W)
Add component. Clean all parameters for all variants
Added Component: Designator=R?(Axial 0.85 5W)
Add component. Clean all parameters for all variants
Added Component: Designator=U?(DIP8)
Add component. Clean all parameters for all variants
Added Pin To Net: NetName=5v Pin=Atmega?-27
Added Pin To Net: NetName=5v Pin=C?-1
Added Pin To Net: NetName=5v Pin=C?-1
Added Pin To Net: NetName=5v Pin=C?-1
Added Pin To Net: NetName=5v Pin=C?-1
Added Pin To Net: NetName=5v Pin=C?-1
Added Pin To Net: NetName=5v Pin=C?-1
Added Pin To Net: NetName=5v Pin=C?-1
Added Pin To Net: NetName=5v Pin=IN?-A0
Added Pin To Net: NetName=5v Pin=IN?-A0
Added Pin To Net: NetName=5v Pin=IN?-A0
Added Pin To Net: NetName=5v Pin=IN?-A0
Added Pin To Net: NetName=5v Pin=IN?-A1
Added Pin To Net: NetName=5v Pin=IN?-A1
Added Pin To Net: NetName=5v Pin=IN?-A1
Added Pin To Net: NetName=5v Pin=IN?-A1
Added Pin To Net: NetName=5v Pin=IN?-Vs
Added Pin To Net: NetName=5v Pin=IN?-Vs
Added Pin To Net: NetName=5v Pin=IN?-Vs
Added Pin To Net: NetName=5v Pin=IN?-Vs
Added Pin To Net: NetName=5v Pin=IN?-Vs
Added Pin To Net: NetName=5v Pin=IN?-Vs
Added Pin To Net: NetName=5v Pin=IN?-Vs
Added Pin To Net: NetName=5v Pin=IN?-Vs
Added Pin To Net: NetName=5v Pin=R?-1
Added Pin To Net: NetName=5v Pin=R?-2
Added Pin To Net: NetName=5v Pin=R?-2
Added Pin To Net: NetName=5v Pin=U?-2
Added Pin To Net: NetName=5v Pin=U?-3
Added Pin To Net: NetName=5v Pin=U?-8
Added Net: Name=5v
Added Pin To Net: NetName=A Pin=+?-1
Added Pin To Net: NetName=A Pin=DMX?-3
Added Pin To Net: NetName=A Pin=R?-1
Added Pin To Net: NetName=A Pin=R?-2
Added Pin To Net: NetName=A Pin=U?-6
Added Net: Name=A
Added Pin To Net: NetName=B Pin=-?-1
Added Pin To Net: NetName=B Pin=DMX?-1
Added Pin To Net: NetName=B Pin=R?-1
Added Pin To Net: NetName=B Pin=R?-2
Added Pin To Net: NetName=B Pin=U?-7
Added Net: Name=B
Added Pin To Net: NetName=DI Pin=Atmega?-5
Added Pin To Net: NetName=DI Pin=U?-4
Added Net: Name=DI
Added Pin To Net: NetName=GND Pin=Atmega?-4
Added Pin To Net: NetName=GND Pin=Atmega?-29
Added Pin To Net: NetName=GND Pin=C?-2
Added Pin To Net: NetName=GND Pin=C?-2
Added Pin To Net: NetName=GND Pin=C?-2
Added Pin To Net: NetName=GND Pin=C?-2
Added Pin To Net: NetName=GND Pin=C?-2
Added Pin To Net: NetName=GND Pin=C?-2
Added Pin To Net: NetName=GND Pin=C?-2
Added Pin To Net: NetName=GND Pin=DMX?-2
Added Pin To Net: NetName=GND Pin=G?-1
Added Pin To Net: NetName=GND Pin=IN?-A0
Added Pin To Net: NetName=GND Pin=IN?-A0
Added Pin To Net: NetName=GND Pin=IN?-A0
Added Pin To Net: NetName=GND Pin=IN?-A0
Added Pin To Net: NetName=GND Pin=IN?-A1
Added Pin To Net: NetName=GND Pin=IN?-A1
Added Pin To Net: NetName=GND Pin=IN?-A1
Added Pin To Net: NetName=GND Pin=IN?-A1
Added Pin To Net: NetName=GND Pin=IN?-GND
Added Pin To Net: NetName=GND Pin=IN?-GND
Added Pin To Net: NetName=GND Pin=IN?-GND
Added Pin To Net: NetName=GND Pin=IN?-GND
Added Pin To Net: NetName=GND Pin=IN?-GND
Added Pin To Net: NetName=GND Pin=IN?-GND
Added Pin To Net: NetName=GND Pin=IN?-GND
Added Pin To Net: NetName=GND Pin=IN?-GND
Added Pin To Net: NetName=GND Pin=R?-1
Added Pin To Net: NetName=GND Pin=R?-2
Added Pin To Net: NetName=GND Pin=U?-5
Added Net: Name=GND
Added Pin To Net: NetName=NetF?_1 Pin=F?-1
Added Pin To Net: NetName=NetF?_1 Pin=IN?-IN+
Added Pin To Net: NetName=NetF?_1 Pin=R?-2
Added Net: Name=NetF?_1
Added Pin To Net: NetName=NetF?_2 Pin=F?-2
Added Pin To Net: NetName=NetF?_2 Pin=Input5-8-7
Added Net: Name=NetF?_2
Added Pin To Net: NetName=NetIN?_IN+ Pin=IN?-IN+
Added Pin To Net: NetName=NetIN?_IN+ Pin=R?-1
Added Pin To Net: NetName=NetIN?_IN+ Pin=R?-2
Added Net: Name=NetIN?_IN+
Added Pin To Net: NetName=NetIN?_IN- Pin=IN?-IN-
Added Pin To Net: NetName=NetIN?_IN- Pin=R?-1
Added Pin To Net: NetName=NetIN?_IN- Pin=R?-1
Added Net: Name=NetIN?_IN-
Added Pin To Net: NetName=NetInput1-4_1 Pin=Input1-4-1
Added Pin To Net: NetName=NetInput1-4_1 Pin=R?-2
Added Net: Name=NetInput1-4_1
Added Pin To Net: NetName=NetInput1-4_3 Pin=Input1-4-3
Added Pin To Net: NetName=NetInput1-4_3 Pin=R?-2
Added Net: Name=NetInput1-4_3
Added Pin To Net: NetName=NetInput1-4_6 Pin=Input1-4-6
Added Pin To Net: NetName=NetInput1-4_6 Pin=R?-2
Added Net: Name=NetInput1-4_6
Added Pin To Net: NetName=NetInput1-4_8 Pin=Input1-4-8
Added Pin To Net: NetName=NetInput1-4_8 Pin=R?-2
Added Net: Name=NetInput1-4_8
Added Pin To Net: NetName=NetInput5-8_1 Pin=Input5-8-1
Added Pin To Net: NetName=NetInput5-8_1 Pin=R?-2
Added Net: Name=NetInput5-8_1
Added Pin To Net: NetName=NetInput5-8_3 Pin=Input5-8-3
Added Pin To Net: NetName=NetInput5-8_3 Pin=R?-2
Added Net: Name=NetInput5-8_3
Added Pin To Net: NetName=NetInput5-8_6 Pin=Input5-8-6
Added Pin To Net: NetName=NetInput5-8_6 Pin=R?-2
Added Net: Name=NetInput5-8_6
Added Pin To Net: NetName=NetInput5-8_8 Pin=Input5-8-8
Added Pin To Net: NetName=NetInput5-8_8 Pin=R?-2
Added Net: Name=NetInput5-8_8
Added Pin To Net: NetName=NetR?_2 Pin=R?-2
Added Pin To Net: NetName=NetR?_2 Pin=U?-1
Added Net: Name=NetR?_2
Added Pin To Net: NetName=SCL Pin=Atmega?-24
Added Pin To Net: NetName=SCL Pin=IN?-SCL
Added Pin To Net: NetName=SCL Pin=IN?-SCL
Added Pin To Net: NetName=SCL Pin=IN?-SCL
Added Pin To Net: NetName=SCL Pin=IN?-SCL
Added Pin To Net: NetName=SCL Pin=IN?-SCL
Added Pin To Net: NetName=SCL Pin=IN?-SCL
Added Pin To Net: NetName=SCL Pin=IN?-SCL
Added Pin To Net: NetName=SCL Pin=IN?-SCL
Added Pin To Net: NetName=SCL Pin=R?-1
Added Net: Name=SCL
Added Pin To Net: NetName=SDA Pin=Atmega?-23
Added Pin To Net: NetName=SDA Pin=IN?-SDA
Added Pin To Net: NetName=SDA Pin=IN?-SDA
Added Pin To Net: NetName=SDA Pin=IN?-SDA
Added Pin To Net: NetName=SDA Pin=IN?-SDA
Added Pin To Net: NetName=SDA Pin=IN?-SDA
Added Pin To Net: NetName=SDA Pin=IN?-SDA
Added Pin To Net: NetName=SDA Pin=IN?-SDA
Added Pin To Net: NetName=SDA Pin=IN?-SDA
Added Pin To Net: NetName=SDA Pin=R?-1
Added Net: Name=SDA
Added Class: Name=INA219Input
Added Class: Name=Main
Added Room: Name=INA219Input
Added Room: Name=Main
