Removed Pin From Net: NetName=GND Pin=Atmega1-4
Removed Pin From Net: NetName=DI Pin=Atmega1-5
Removed Pin From Net: NetName=SDA Pin=Atmega1-23
Removed Pin From Net: NetName=SCL Pin=Atmega1-24
Removed Pin From Net: NetName=5v Pin=Atmega1-27
Removed Pin From Net: NetName=GND Pin=Atmega1-29
Removed Member From Class: ClassName=Main Member=Atmega1
Added Component: Designator=+1(PIN1)
Add component. Clean all parameters for all variants
Add component (AddParameter): Name = "LatestRevisionDate"; Value = "17-Jul-2002"; VariantName = "[No Variations]"
Add component (AddParameter): Name = "LatestRevisionNote"; Value = "Re-released for DXP Platform."; VariantName = "[No Variations]"
Add component (AddParameter): Name = "Publisher"; Value = "Altium Limited"; VariantName = "[No Variations]"
Added Component: Designator=-1(PIN1)
Add component. Clean all parameters for all variants
Add component (AddParameter): Name = "LatestRevisionDate"; Value = "17-Jul-2002"; VariantName = "[No Variations]"
Add component (AddParameter): Name = "LatestRevisionNote"; Value = "Re-released for DXP Platform."; VariantName = "[No Variations]"
Add component (AddParameter): Name = "Publisher"; Value = "Altium Limited"; VariantName = "[No Variations]"
Added Component: Designator=AtMega(Arduino Nano)
Add component. Clean all parameters for all variants
Added Component: Designator=G1(PIN1)
Add component. Clean all parameters for all variants
Add component (AddParameter): Name = "LatestRevisionDate"; Value = "17-Jul-2002"; VariantName = "[No Variations]"
Add component (AddParameter): Name = "LatestRevisionNote"; Value = "Re-released for DXP Platform."; VariantName = "[No Variations]"
Add component (AddParameter): Name = "Publisher"; Value = "Altium Limited"; VariantName = "[No Variations]"
Added Pin To Net: NetName=A Pin=+1-1
Added Pin To Net: NetName=B Pin=-1-1
Added Pin To Net: NetName=GND Pin=AtMega-4
Added Pin To Net: NetName=DI Pin=AtMega-8
Added Pin To Net: NetName=SDA Pin=AtMega-23
Added Pin To Net: NetName=SCL Pin=AtMega-24
Added Pin To Net: NetName=5v Pin=AtMega-27
Added Pin To Net: NetName=GND Pin=AtMega-29
Added Pin To Net: NetName=GND Pin=G1-1
Added Pin To Net: NetName=NetAtMega_5 Pin=AtMega-5
Added Net: Name=NetAtMega_5
Added Pin To Net: NetName=NetAtMega_6 Pin=AtMega-6
Added Net: Name=NetAtMega_6
Added Pin To Net: NetName=NetAtMega_7 Pin=AtMega-7
Added Net: Name=NetAtMega_7
Added Member To Class: ClassName=Main Member=Component +1 Socket
Added Member To Class: ClassName=Main Member=Component -1 Socket
Added Member To Class: ClassName=Main Member=Component AtMega Arduino Nano
Added Member To Class: ClassName=Main Member=Component G1 Socket
