Removed Pin From Net: NetName=GND Pin=IN1-A0
Removed Pin From Net: NetName=5v Pin=IN1-A1
Removed Pin From Net: NetName=GND Pin=IN2-A0
Removed Pin From Net: NetName=GND Pin=IN2-A1
Removed Pin From Net: NetName=GND Pin=IN3-A1
Removed Pin From Net: NetName=5v Pin=IN4-A0
Removed Pin From Net: NetName=5v Pin=IN4-A1
Removed Pin From Net: NetName=GND Pin=IN5-A0
Removed Pin From Net: NetName=GND Pin=IN6-A0
Removed Pin From Net: NetName=GND Pin=IN6-A1
Removed Pin From Net: NetName=GND Pin=IN7-A1
Removed Pin From Net: NetName=5v Pin=IN8-A0
Removed Pin From Net: NetName=5v Pin=IN8-A1
Added Component: Designator=+1(PIN1)
Add component. Clean all parameters for all variants
Add component (AddParameter): Name = "LatestRevisionDate"; Value = "17-Jul-2002"; VariantName = "[No Variations]"
Add component (AddParameter): Name = "LatestRevisionNote"; Value = "Re-released for DXP Platform."; VariantName = "[No Variations]"
Add component (AddParameter): Name = "Publisher"; Value = "Altium Limited"; VariantName = "[No Variations]"
Added Component: Designator=-1(PIN1)
Add component. Clean all parameters for all variants
Add component (AddParameter): Name = "LatestRevisionDate"; Value = "17-Jul-2002"; VariantName = "[No Variations]"
Add component (AddParameter): Name = "LatestRevisionNote"; Value = "Re-released for DXP Platform."; VariantName = "[No Variations]"
Add component (AddParameter): Name = "Publisher"; Value = "Altium Limited"; VariantName = "[No Variations]"
Added Component: Designator=C3(1" ceramic Radial Cap)
Add component. Clean all parameters for all variants
Added Component: Designator=C4(1" ceramic Radial Cap)
Add component. Clean all parameters for all variants
Added Component: Designator=C6(1" ceramic Radial Cap)
Add component. Clean all parameters for all variants
Added Component: Designator=G1(PIN1)
Add component. Clean all parameters for all variants
Add component (AddParameter): Name = "LatestRevisionDate"; Value = "17-Jul-2002"; VariantName = "[No Variations]"
Add component (AddParameter): Name = "LatestRevisionNote"; Value = "Re-released for DXP Platform."; VariantName = "[No Variations]"
Add component (AddParameter): Name = "Publisher"; Value = "Altium Limited"; VariantName = "[No Variations]"
Added Pin To Net: NetName=A Pin=+1-1
Added Pin To Net: NetName=B Pin=-1-1
Added Pin To Net: NetName=5v Pin=C3-1
Added Pin To Net: NetName=GND Pin=C3-2
Added Pin To Net: NetName=5v Pin=C4-1
Added Pin To Net: NetName=GND Pin=C4-2
Added Pin To Net: NetName=5v Pin=C6-1
Added Pin To Net: NetName=GND Pin=C6-2
Added Pin To Net: NetName=GND Pin=G1-1
Added Pin To Net: NetName=SDA Pin=IN1-A0
Added Pin To Net: NetName=SDA Pin=IN1-A1
Added Pin To Net: NetName=SCL Pin=IN2-A0
Added Pin To Net: NetName=SCL Pin=IN2-A1
Added Pin To Net: NetName=SDA Pin=IN3-A1
Added Pin To Net: NetName=SDA Pin=IN4-A0
Added Pin To Net: NetName=SCL Pin=IN4-A1
Added Pin To Net: NetName=SDA Pin=IN5-A0
Added Pin To Net: NetName=SCL Pin=IN6-A0
Added Pin To Net: NetName=SDA Pin=IN6-A1
Added Pin To Net: NetName=5v Pin=IN7-A1
Added Pin To Net: NetName=GND Pin=IN8-A0
Added Pin To Net: NetName=SDA Pin=IN8-A1
Added Member To Class: ClassName=Main Member=Component +1 Socket
Added Member To Class: ClassName=Main Member=Component -1 Socket
Added Member To Class: ClassName=INA219Input Member=Component C3 10nF
Added Member To Class: ClassName=INA219Input Member=Component C4 
Added Member To Class: ClassName=INA219Input Member=Component C6 
Added Member To Class: ClassName=Main Member=Component G1 Socket
