Removed Member From Class: ClassName=INA219Input Member=R?
Change Component Designator: OldDesignator=+? NewDesignator=+1
Change Component Designator: OldDesignator=-? NewDesignator=-1
Change Component Designator: OldDesignator=Atmega? NewDesignator=Atmega1
Change Component Designator: OldDesignator=C? NewDesignator=C1
Change Component Designator: OldDesignator=C? NewDesignator=C2
Change Component Designator: OldDesignator=C? NewDesignator=C3
Change Component Designator: OldDesignator=C? NewDesignator=C4
Change Component Designator: OldDesignator=C? NewDesignator=C5
Change Component Designator: OldDesignator=C? NewDesignator=C6
Change Component Designator: OldDesignator=C? NewDesignator=C7
Change Component Designator: OldDesignator=DMX? NewDesignator=DMX1
Change Component Designator: OldDesignator=F? NewDesignator=F1
Change Component Designator: OldDesignator=F? NewDesignator=F2
Change Component Designator: OldDesignator=F? NewDesignator=F3
Change Component Designator: OldDesignator=F? NewDesignator=F4
Change Component Designator: OldDesignator=F? NewDesignator=F5
Change Component Designator: OldDesignator=F? NewDesignator=F6
Change Component Designator: OldDesignator=F? NewDesignator=F7
Change Component Designator: OldDesignator=F? NewDesignator=F8
Change Component Designator: OldDesignator=G? NewDesignator=G1
Change Component Designator: OldDesignator=IN? NewDesignator=IN1
Change Component Designator: OldDesignator=IN? NewDesignator=IN2
Change Component Designator: OldDesignator=IN? NewDesignator=IN3
Change Component Designator: OldDesignator=IN? NewDesignator=IN4
Change Component Designator: OldDesignator=IN? NewDesignator=IN5
Change Component Designator: OldDesignator=IN? NewDesignator=IN6
Change Component Designator: OldDesignator=IN? NewDesignator=IN7
Change Component Designator: OldDesignator=IN? NewDesignator=IN8
Change Component Designator: OldDesignator=R? NewDesignator=R1
Change Component Designator: OldDesignator=R? NewDesignator=R2
Change Component Designator: OldDesignator=R? NewDesignator=R3
Change Component Designator: OldDesignator=R? NewDesignator=R4
Change Component Designator: OldDesignator=R? NewDesignator=R5
Change Component Designator: OldDesignator=R? NewDesignator=R6
Change Component Designator: OldDesignator=R? NewDesignator=R7
Change Component Designator: OldDesignator=R? NewDesignator=R8
Change Component Designator: OldDesignator=R? NewDesignator=R9
Change Component Designator: OldDesignator=R? NewDesignator=R10
Change Component Designator: OldDesignator=R? NewDesignator=R11
Change Component Designator: OldDesignator=R? NewDesignator=R12
Change Component Designator: OldDesignator=R? NewDesignator=R13
Change Component Designator: OldDesignator=R? NewDesignator=R14
Change Component Designator: OldDesignator=R? NewDesignator=R15
Change Component Designator: OldDesignator=R? NewDesignator=R16
Change Component Designator: OldDesignator=R? NewDesignator=R17
Change Component Designator: OldDesignator=R? NewDesignator=R18
Change Component Designator: OldDesignator=R? NewDesignator=R19
Change Component Designator: OldDesignator=R? NewDesignator=R20
Change Component Designator: OldDesignator=R? NewDesignator=R21
Change Component Designator: OldDesignator=R? NewDesignator=R22
Change Component Designator: OldDesignator=U? NewDesignator=U1
Change Net Name : Old Net Name=NetF?_1 New Net Name=NetF8_1
Change Net Name : Old Net Name=NetF?_2 New Net Name=NetF8_2
Change Net Name : Old Net Name=NetIN?_IN+ New Net Name=NetIN6_IN+
Change Net Name : Old Net Name=NetIN?_IN- New Net Name=NetIN8_IN-
Change Net Name : Old Net Name=NetR?_2 New Net Name=NetR18_2
Added Pin To Net: NetName=NetF1_1 Pin=F1-1
Added Pin To Net: NetName=NetF1_1 Pin=IN1-IN-
Added Pin To Net: NetName=NetF1_1 Pin=R9-1
Added Net: Name=NetF1_1
Added Pin To Net: NetName=NetF1_2 Pin=F1-2
Added Pin To Net: NetName=NetF1_2 Pin=Input1-4-2
Added Net: Name=NetF1_2
Added Pin To Net: NetName=NetF2_1 Pin=F2-1
Added Pin To Net: NetName=NetF2_1 Pin=IN2-IN-
Added Pin To Net: NetName=NetF2_1 Pin=R10-1
Added Net: Name=NetF2_1
Added Pin To Net: NetName=NetF2_2 Pin=F2-2
Added Pin To Net: NetName=NetF2_2 Pin=Input1-4-4
Added Net: Name=NetF2_2
Added Pin To Net: NetName=NetF3_1 Pin=F3-1
Added Pin To Net: NetName=NetF3_1 Pin=IN3-IN+
Added Pin To Net: NetName=NetF3_1 Pin=R11-2
Added Net: Name=NetF3_1
Added Pin To Net: NetName=NetF3_2 Pin=F3-2
Added Pin To Net: NetName=NetF3_2 Pin=Input1-4-5
Added Net: Name=NetF3_2
Added Pin To Net: NetName=NetF4_1 Pin=F4-1
Added Pin To Net: NetName=NetF4_1 Pin=IN4-IN+
Added Pin To Net: NetName=NetF4_1 Pin=R12-2
Added Net: Name=NetF4_1
Added Pin To Net: NetName=NetF4_2 Pin=F4-2
Added Pin To Net: NetName=NetF4_2 Pin=Input1-4-7
Added Net: Name=NetF4_2
Added Pin To Net: NetName=NetF5_1 Pin=F5-1
Added Pin To Net: NetName=NetF5_1 Pin=IN5-IN-
Added Pin To Net: NetName=NetF5_1 Pin=R13-1
Added Net: Name=NetF5_1
Added Pin To Net: NetName=NetF5_2 Pin=F5-2
Added Pin To Net: NetName=NetF5_2 Pin=Input5-8-2
Added Net: Name=NetF5_2
Added Pin To Net: NetName=NetF6_1 Pin=F6-1
Added Pin To Net: NetName=NetF6_1 Pin=IN6-IN-
Added Pin To Net: NetName=NetF6_1 Pin=R14-1
Added Net: Name=NetF6_1
Added Pin To Net: NetName=NetF6_2 Pin=F6-2
Added Pin To Net: NetName=NetF6_2 Pin=Input5-8-4
Added Net: Name=NetF6_2
Added Pin To Net: NetName=NetF7_1 Pin=F7-1
Added Pin To Net: NetName=NetF7_1 Pin=IN7-IN+
Added Pin To Net: NetName=NetF7_1 Pin=R15-2
Added Net: Name=NetF7_1
Added Pin To Net: NetName=NetF7_2 Pin=F7-2
Added Pin To Net: NetName=NetF7_2 Pin=Input5-8-5
Added Net: Name=NetF7_2
Added Pin To Net: NetName=NetIN1_IN+ Pin=IN1-IN+
Added Pin To Net: NetName=NetIN1_IN+ Pin=R1-1
Added Pin To Net: NetName=NetIN1_IN+ Pin=R9-2
Added Net: Name=NetIN1_IN+
Added Pin To Net: NetName=NetIN2_IN+ Pin=IN2-IN+
Added Pin To Net: NetName=NetIN2_IN+ Pin=R2-1
Added Pin To Net: NetName=NetIN2_IN+ Pin=R10-2
Added Net: Name=NetIN2_IN+
Added Pin To Net: NetName=NetIN3_IN- Pin=IN3-IN-
Added Pin To Net: NetName=NetIN3_IN- Pin=R3-1
Added Pin To Net: NetName=NetIN3_IN- Pin=R11-1
Added Net: Name=NetIN3_IN-
Added Pin To Net: NetName=NetIN4_IN- Pin=IN4-IN-
Added Pin To Net: NetName=NetIN4_IN- Pin=R4-1
Added Pin To Net: NetName=NetIN4_IN- Pin=R12-1
Added Net: Name=NetIN4_IN-
Added Pin To Net: NetName=NetIN5_IN+ Pin=IN5-IN+
Added Pin To Net: NetName=NetIN5_IN+ Pin=R5-1
Added Pin To Net: NetName=NetIN5_IN+ Pin=R13-2
Added Net: Name=NetIN5_IN+
Added Pin To Net: NetName=NetIN7_IN- Pin=IN7-IN-
Added Pin To Net: NetName=NetIN7_IN- Pin=R7-1
Added Pin To Net: NetName=NetIN7_IN- Pin=R15-1
Added Net: Name=NetIN7_IN-
Added Member To Class: ClassName=INA219Input Member=Component C1 
Added Member To Class: ClassName=INA219Input Member=Component C2 
Added Member To Class: ClassName=INA219Input Member=Component C3 10nF
Added Member To Class: ClassName=INA219Input Member=Component C5 
Added Member To Class: ClassName=INA219Input Member=Component C6 
Added Member To Class: ClassName=INA219Input Member=Component C7 10nF
Added Member To Class: ClassName=INA219Input Member=Component F1 PTC 1812
Added Member To Class: ClassName=INA219Input Member=Component F2 PTC 1812
Added Member To Class: ClassName=INA219Input Member=Component F3 PTC 1812
Added Member To Class: ClassName=INA219Input Member=Component F4 PTC 1812
Added Member To Class: ClassName=INA219Input Member=Component F5 PTC 1812
Added Member To Class: ClassName=INA219Input Member=Component F6 PTC 1812
Added Member To Class: ClassName=INA219Input Member=Component F7 PTC 1812
Added Member To Class: ClassName=INA219Input Member=Component IN1 INA219
Added Member To Class: ClassName=INA219Input Member=Component IN2 INA219
Added Member To Class: ClassName=INA219Input Member=Component IN3 INA219
Added Member To Class: ClassName=INA219Input Member=Component IN4 INA219
Added Member To Class: ClassName=INA219Input Member=Component IN5 INA219
Added Member To Class: ClassName=INA219Input Member=Component IN6 INA219
Added Member To Class: ClassName=INA219Input Member=Component IN7 INA219
Added Member To Class: ClassName=INA219Input Member=Component R1 20.4
Added Member To Class: ClassName=INA219Input Member=Component R2 20.4
Added Member To Class: ClassName=INA219Input Member=Component R3 20.4
Added Member To Class: ClassName=INA219Input Member=Component R4 20.4
Added Member To Class: ClassName=INA219Input Member=Component R5 20.4
Added Member To Class: ClassName=INA219Input Member=Component R6 20.4
Added Member To Class: ClassName=INA219Input Member=Component R7 20.4
Added Member To Class: ClassName=INA219Input Member=Component R8 20.4
Added Member To Class: ClassName=INA219Input Member=Component R9 0.33
Added Member To Class: ClassName=INA219Input Member=Component R10 0.33
Added Member To Class: ClassName=INA219Input Member=Component R11 0.33
Added Member To Class: ClassName=INA219Input Member=Component R12 0.33
Added Member To Class: ClassName=INA219Input Member=Component R13 0.33
Added Member To Class: ClassName=INA219Input Member=Component R14 0.33
Added Member To Class: ClassName=INA219Input Member=Component R15 0.33
Added Member To Class: ClassName=INA219Input Member=Component R16 0.33
Added Member To Class: ClassName=Main Member=Component R18 10K
Added Member To Class: ClassName=Main Member=Component R19 20K
Added Member To Class: ClassName=Main Member=Component R20 4k7
Added Member To Class: ClassName=Main Member=Component R21 120
Added Member To Class: ClassName=Main Member=Component R22 20K
Added Room: Name=Main
