Added Component: Designator=+1(PIN1)
Add component. Clean all parameters for all variants
Add component (AddParameter): Name = "LatestRevisionDate"; Value = "17-Jul-2002"; VariantName = "[No Variations]"
Add component (AddParameter): Name = "LatestRevisionNote"; Value = "Re-released for DXP Platform."; VariantName = "[No Variations]"
Add component (AddParameter): Name = "Publisher"; Value = "Altium Limited"; VariantName = "[No Variations]"
Added Component: Designator=-1(PIN1)
Add component. Clean all parameters for all variants
Add component (AddParameter): Name = "LatestRevisionDate"; Value = "17-Jul-2002"; VariantName = "[No Variations]"
Add component (AddParameter): Name = "LatestRevisionNote"; Value = "Re-released for DXP Platform."; VariantName = "[No Variations]"
Add component (AddParameter): Name = "Publisher"; Value = "Altium Limited"; VariantName = "[No Variations]"
Added Component: Designator=G1(PIN1)
Add component. Clean all parameters for all variants
Add component (AddParameter): Name = "LatestRevisionDate"; Value = "17-Jul-2002"; VariantName = "[No Variations]"
Add component (AddParameter): Name = "LatestRevisionNote"; Value = "Re-released for DXP Platform."; VariantName = "[No Variations]"
Add component (AddParameter): Name = "Publisher"; Value = "Altium Limited"; VariantName = "[No Variations]"
Added Component: Designator=ST2p?(KF301-2p_0.2")
Add component. Clean all parameters for all variants
Added Pin To Net: NetName=A Pin=+1-1
Added Pin To Net: NetName=B Pin=-1-1
Added Pin To Net: NetName=GND Pin=G1-1
Added Pin To Net: NetName=GND Pin=ST2p?-1
Added Pin To Net: NetName=VCC Pin=ST2p?-2
Added Member To Class: ClassName=Main Member=Component +1 Socket
Added Member To Class: ClassName=Main Member=Component -1 Socket
Added Member To Class: ClassName=Main Member=Component G1 Socket
Added Member To Class: ClassName=Main Member=Component ST2p? KF301-2p
