Removed Pin From Net: NetName=GND Pin=S1-1
Removed Pin From Net: NetName=NetD1_2 Pin=S1-4
Added Component: Designator=+1(PIN1)
Add component. Clean all parameters for all variants
Add component (AddParameter): Name = "LatestRevisionDate"; Value = "17-Jul-2002"; VariantName = "[No Variations]"
Add component (AddParameter): Name = "LatestRevisionNote"; Value = "Re-released for DXP Platform."; VariantName = "[No Variations]"
Add component (AddParameter): Name = "Publisher"; Value = "Altium Limited"; VariantName = "[No Variations]"
Added Component: Designator=-1(PIN1)
Add component. Clean all parameters for all variants
Add component (AddParameter): Name = "LatestRevisionDate"; Value = "17-Jul-2002"; VariantName = "[No Variations]"
Add component (AddParameter): Name = "LatestRevisionNote"; Value = "Re-released for DXP Platform."; VariantName = "[No Variations]"
Add component (AddParameter): Name = "Publisher"; Value = "Altium Limited"; VariantName = "[No Variations]"
Added Component: Designator=G1(PIN1)
Add component. Clean all parameters for all variants
Add component (AddParameter): Name = "LatestRevisionDate"; Value = "17-Jul-2002"; VariantName = "[No Variations]"
Add component (AddParameter): Name = "LatestRevisionNote"; Value = "Re-released for DXP Platform."; VariantName = "[No Variations]"
Add component (AddParameter): Name = "Publisher"; Value = "Altium Limited"; VariantName = "[No Variations]"
Added Pin To Net: NetName=A Pin=+1-1
Added Pin To Net: NetName=B Pin=-1-1
Added Pin To Net: NetName=GND Pin=G1-1
Added Pin To Net: NetName=NetD1_2 Pin=S1-1
Added Pin To Net: NetName=GND Pin=S1-4
Added Member To Class: ClassName=Main Member=Component +1 Socket
Added Member To Class: ClassName=Main Member=Component -1 Socket
Added Member To Class: ClassName=Main Member=Component G1 Socket
Added Room: Name=INA219Input
Added Room: Name=Main
